- Date : 2019-11-01T21:21:14.250Z  --  level : [31merror[39m -- message : uncaughtException: app is not defined
ReferenceError: app is not defined
    at Object.<anonymous> (S:\BISMILLAH myWorld\api_nodejs\app\routes\login.route.js:7:5)
    at Module._compile (internal/modules/cjs/loader.js:689:30)
    at Object.Module._extensions..js (internal/modules/cjs/loader.js:700:10)
    at Module.load (internal/modules/cjs/loader.js:599:32)
    at tryModuleLoad (internal/modules/cjs/loader.js:538:12)
    at Function.Module._load (internal/modules/cjs/loader.js:530:3)
    at Module.require (internal/modules/cjs/loader.js:637:17)
    at require (internal/modules/cjs/helpers.js:20:18)
    at Object.<anonymous> (S:\BISMILLAH myWorld\api_nodejs\app\routes\routes.js:5:20)
    at Module._compile (internal/modules/cjs/loader.js:689:30) 
- Date : 2019-11-01T21:22:08.313Z  --  level : [31merror[39m -- message : uncaughtException: ap is not defined
ReferenceError: ap is not defined
    at Object.exports.configRoutes (S:\BISMILLAH myWorld\api_nodejs\app\routes\routes.js:15:31)
    at Object.<anonymous> (S:\BISMILLAH myWorld\api_nodejs\app\index.js:60:8)
    at Module._compile (internal/modules/cjs/loader.js:689:30)
    at Object.Module._extensions..js (internal/modules/cjs/loader.js:700:10)
    at Module.load (internal/modules/cjs/loader.js:599:32)
    at tryModuleLoad (internal/modules/cjs/loader.js:538:12)
    at Function.Module._load (internal/modules/cjs/loader.js:530:3)
    at Function.Module.runMain (internal/modules/cjs/loader.js:742:12)
    at startup (internal/bootstrap/node.js:266:19)
    at bootstrapNodeJSCore (internal/bootstrap/node.js:596:3) 
- Date : 2019-11-01T21:24:11.916Z  --  level : [31merror[39m -- message : uncaughtException: Route.post() requires a callback function but got a [object Object]
Error: Route.post() requires a callback function but got a [object Object]
    at Route.(anonymous function) [as post] (S:\BISMILLAH myWorld\api_nodejs\node_modules\express\lib\router\route.js:202:15)
    at Function.app.(anonymous function) [as post] (S:\BISMILLAH myWorld\api_nodejs\node_modules\express\lib\application.js:482:19)
    at Object.exports.users (S:\BISMILLAH myWorld\api_nodejs\app\routes\user.route.js:22:9)
    at Object.exports.configRoutes (S:\BISMILLAH myWorld\api_nodejs\app\routes\routes.js:14:15)
    at Object.<anonymous> (S:\BISMILLAH myWorld\api_nodejs\app\index.js:60:8)
    at Module._compile (internal/modules/cjs/loader.js:689:30)
    at Object.Module._extensions..js (internal/modules/cjs/loader.js:700:10)
    at Module.load (internal/modules/cjs/loader.js:599:32)
    at tryModuleLoad (internal/modules/cjs/loader.js:538:12)
    at Function.Module._load (internal/modules/cjs/loader.js:530:3) 
- Date : 2019-11-01T21:24:24.828Z  --  level : [31merror[39m -- message : uncaughtException: Route.post() requires a callback function but got a [object Object]
Error: Route.post() requires a callback function but got a [object Object]
    at Route.(anonymous function) [as post] (S:\BISMILLAH myWorld\api_nodejs\node_modules\express\lib\router\route.js:202:15)
    at Function.app.(anonymous function) [as post] (S:\BISMILLAH myWorld\api_nodejs\node_modules\express\lib\application.js:482:19)
    at Object.exports.users (S:\BISMILLAH myWorld\api_nodejs\app\routes\user.route.js:22:9)
    at Object.exports.configRoutes (S:\BISMILLAH myWorld\api_nodejs\app\routes\routes.js:14:15)
    at Object.<anonymous> (S:\BISMILLAH myWorld\api_nodejs\app\index.js:60:8)
    at Module._compile (internal/modules/cjs/loader.js:689:30)
    at Object.Module._extensions..js (internal/modules/cjs/loader.js:700:10)
    at Module.load (internal/modules/cjs/loader.js:599:32)
    at tryModuleLoad (internal/modules/cjs/loader.js:538:12)
    at Function.Module._load (internal/modules/cjs/loader.js:530:3) 
- Date : 2019-11-04T12:04:08.860Z  --  level : [31merror[39m -- message : uncaughtException: Identifier 'sequelize' has already been declared
S:\BISMILLAH myWorld\api_nodejs\database\db.js:17
const sequelize = new Sequelize('postgres://user:pass@example.com:5432/dbname',dbConfig.options.pool);
      ^

SyntaxError: Identifier 'sequelize' has already been declared
    at new Script (vm.js:74:7)
    at createScript (vm.js:246:10)
    at Object.runInThisContext (vm.js:298:10)
    at Module._compile (internal/modules/cjs/loader.js:657:28)
    at Object.Module._extensions..js (internal/modules/cjs/loader.js:700:10)
    at Module.load (internal/modules/cjs/loader.js:599:32)
    at tryModuleLoad (internal/modules/cjs/loader.js:538:12)
    at Function.Module._load (internal/modules/cjs/loader.js:530:3)
    at Module.require (internal/modules/cjs/loader.js:637:17)
    at require (internal/modules/cjs/helpers.js:20:18) 
- Date : 2019-11-04T12:07:45.207Z  --  level : [31merror[39m -- message : uncaughtException: sequelize is not defined
ReferenceError: sequelize is not defined
    at Object.<anonymous> (S:\BISMILLAH myWorld\api_nodejs\app\models\User.js:16:3)
    at Module._compile (internal/modules/cjs/loader.js:689:30)
    at Object.Module._extensions..js (internal/modules/cjs/loader.js:700:10)
    at Module.load (internal/modules/cjs/loader.js:599:32)
    at tryModuleLoad (internal/modules/cjs/loader.js:538:12)
    at Function.Module._load (internal/modules/cjs/loader.js:530:3)
    at Module.require (internal/modules/cjs/loader.js:637:17)
    at require (internal/modules/cjs/helpers.js:20:18)
    at Object.<anonymous> (S:\BISMILLAH myWorld\api_nodejs\database\User.request.js:1:76)
    at Module._compile (internal/modules/cjs/loader.js:689:30)
    at Object.Module._extensions..js (internal/modules/cjs/loader.js:700:10)
    at Module.load (internal/modules/cjs/loader.js:599:32)
    at tryModuleLoad (internal/modules/cjs/loader.js:538:12)
    at Function.Module._load (internal/modules/cjs/loader.js:530:3)
    at Module.require (internal/modules/cjs/loader.js:637:17)
    at require (internal/modules/cjs/helpers.js:20:18)
    at Object.<anonymous> (S:\BISMILLAH myWorld\api_nodejs\app\index.js:26:15)
    at Module._compile (internal/modules/cjs/loader.js:689:30)
    at Object.Module._extensions..js (internal/modules/cjs/loader.js:700:10)
    at Module.load (internal/modules/cjs/loader.js:599:32)
    at tryModuleLoad (internal/modules/cjs/loader.js:538:12)
    at Function.Module._load (internal/modules/cjs/loader.js:530:3) 
- Date : 2019-11-04T12:08:25.175Z  --  level : [31merror[39m -- message : uncaughtException: Identifier 'User' has already been declared
S:\BISMILLAH myWorld\api_nodejs\database\User.request.js:2
const User = require('../app/models/User');
      ^

SyntaxError: Identifier 'User' has already been declared
    at new Script (vm.js:74:7)
    at createScript (vm.js:246:10)
    at Object.runInThisContext (vm.js:298:10)
    at Module._compile (internal/modules/cjs/loader.js:657:28)
    at Object.Module._extensions..js (internal/modules/cjs/loader.js:700:10)
    at Module.load (internal/modules/cjs/loader.js:599:32)
    at tryModuleLoad (internal/modules/cjs/loader.js:538:12)
    at Function.Module._load (internal/modules/cjs/loader.js:530:3)
    at Module.require (internal/modules/cjs/loader.js:637:17)
    at require (internal/modules/cjs/helpers.js:20:18)
    at Object.<anonymous> (S:\BISMILLAH myWorld\api_nodejs\app\index.js:26:15)
    at Module._compile (internal/modules/cjs/loader.js:689:30)
    at Object.Module._extensions..js (internal/modules/cjs/loader.js:700:10)
    at Module.load (internal/modules/cjs/loader.js:599:32)
    at tryModuleLoad (internal/modules/cjs/loader.js:538:12)
    at Function.Module._load (internal/modules/cjs/loader.js:530:3)
    at Function.Module.runMain (internal/modules/cjs/loader.js:742:12)
    at startup (internal/bootstrap/node.js:266:19)
    at bootstrapNodeJSCore (internal/bootstrap/node.js:596:3) 
- Date : 2019-11-04T12:09:07.785Z  --  level : [31merror[39m -- message : uncaughtException: Identifier 'User' has already been declared
S:\BISMILLAH myWorld\api_nodejs\database\User.request.js:2
const User = require('../app/models/User');
      ^

SyntaxError: Identifier 'User' has already been declared
    at new Script (vm.js:74:7)
    at createScript (vm.js:246:10)
    at Object.runInThisContext (vm.js:298:10)
    at Module._compile (internal/modules/cjs/loader.js:657:28)
    at Object.Module._extensions..js (internal/modules/cjs/loader.js:700:10)
    at Module.load (internal/modules/cjs/loader.js:599:32)
    at tryModuleLoad (internal/modules/cjs/loader.js:538:12)
    at Function.Module._load (internal/modules/cjs/loader.js:530:3)
    at Module.require (internal/modules/cjs/loader.js:637:17)
    at require (internal/modules/cjs/helpers.js:20:18) 
- Date : 2019-11-04T12:12:06.546Z  --  level : [31merror[39m -- message : uncaughtException: Identifier 'User' has already been declared
S:\BISMILLAH myWorld\api_nodejs\database\User.request.js:2
const User = require('../app/models/User');
      ^

SyntaxError: Identifier 'User' has already been declared
    at new Script (vm.js:74:7)
    at createScript (vm.js:246:10)
    at Object.runInThisContext (vm.js:298:10)
    at Module._compile (internal/modules/cjs/loader.js:657:28)
    at Object.Module._extensions..js (internal/modules/cjs/loader.js:700:10)
    at Module.load (internal/modules/cjs/loader.js:599:32)
    at tryModuleLoad (internal/modules/cjs/loader.js:538:12)
    at Function.Module._load (internal/modules/cjs/loader.js:530:3)
    at Module.require (internal/modules/cjs/loader.js:637:17)
    at require (internal/modules/cjs/helpers.js:20:18) 
- Date : 2019-11-04T12:12:25.510Z  --  level : [31merror[39m -- message : uncaughtException: sequelize is not defined
ReferenceError: sequelize is not defined
    at Object.<anonymous> (S:\BISMILLAH myWorld\api_nodejs\app\models\User.js:17:3)
    at Module._compile (internal/modules/cjs/loader.js:689:30)
    at Object.Module._extensions..js (internal/modules/cjs/loader.js:700:10)
    at Module.load (internal/modules/cjs/loader.js:599:32)
    at tryModuleLoad (internal/modules/cjs/loader.js:538:12)
    at Function.Module._load (internal/modules/cjs/loader.js:530:3)
    at Module.require (internal/modules/cjs/loader.js:637:17)
    at require (internal/modules/cjs/helpers.js:20:18)
    at Object.<anonymous> (S:\BISMILLAH myWorld\api_nodejs\database\User.request.js:2:14)
    at Module._compile (internal/modules/cjs/loader.js:689:30)
    at Object.Module._extensions..js (internal/modules/cjs/loader.js:700:10)
    at Module.load (internal/modules/cjs/loader.js:599:32)
    at tryModuleLoad (internal/modules/cjs/loader.js:538:12)
    at Function.Module._load (internal/modules/cjs/loader.js:530:3)
    at Module.require (internal/modules/cjs/loader.js:637:17)
    at require (internal/modules/cjs/helpers.js:20:18)
    at Object.<anonymous> (S:\BISMILLAH myWorld\api_nodejs\app\index.js:25:13)
    at Module._compile (internal/modules/cjs/loader.js:689:30)
    at Object.Module._extensions..js (internal/modules/cjs/loader.js:700:10)
    at Module.load (internal/modules/cjs/loader.js:599:32)
    at tryModuleLoad (internal/modules/cjs/loader.js:538:12)
    at Function.Module._load (internal/modules/cjs/loader.js:530:3) 
- Date : 2019-11-04T12:12:46.610Z  --  level : [31merror[39m -- message : uncaughtException: Unexpected token =
S:\BISMILLAH myWorld\api_nodejs\database\User.request.js:1
(function (exports, require, module, __filename, __dirname) { const   = require('../database/db');
                                                                      ^

SyntaxError: Unexpected token =
    at new Script (vm.js:74:7)
    at createScript (vm.js:246:10)
    at Object.runInThisContext (vm.js:298:10)
    at Module._compile (internal/modules/cjs/loader.js:657:28)
    at Object.Module._extensions..js (internal/modules/cjs/loader.js:700:10)
    at Module.load (internal/modules/cjs/loader.js:599:32)
    at tryModuleLoad (internal/modules/cjs/loader.js:538:12)
    at Function.Module._load (internal/modules/cjs/loader.js:530:3)
    at Module.require (internal/modules/cjs/loader.js:637:17)
    at require (internal/modules/cjs/helpers.js:20:18) 
- Date : 2019-11-04T12:13:12.782Z  --  level : [31merror[39m -- message : uncaughtException: Unexpected token =
S:\BISMILLAH myWorld\api_nodejs\database\User.request.js:1
(function (exports, require, module, __filename, __dirname) { const   = require('../database/db');
                                                                      ^

SyntaxError: Unexpected token =
    at new Script (vm.js:74:7)
    at createScript (vm.js:246:10)
    at Object.runInThisContext (vm.js:298:10)
    at Module._compile (internal/modules/cjs/loader.js:657:28)
    at Object.Module._extensions..js (internal/modules/cjs/loader.js:700:10)
    at Module.load (internal/modules/cjs/loader.js:599:32)
    at tryModuleLoad (internal/modules/cjs/loader.js:538:12)
    at Function.Module._load (internal/modules/cjs/loader.js:530:3)
    at Module.require (internal/modules/cjs/loader.js:637:17)
    at require (internal/modules/cjs/helpers.js:20:18) 
- Date : 2019-11-04T12:13:15.778Z  --  level : [31merror[39m -- message : uncaughtException: Unexpected token =
S:\BISMILLAH myWorld\api_nodejs\database\User.request.js:1
(function (exports, require, module, __filename, __dirname) { const   = require('../database/db');
                                                                      ^

SyntaxError: Unexpected token =
    at new Script (vm.js:74:7)
    at createScript (vm.js:246:10)
    at Object.runInThisContext (vm.js:298:10)
    at Module._compile (internal/modules/cjs/loader.js:657:28)
    at Object.Module._extensions..js (internal/modules/cjs/loader.js:700:10)
    at Module.load (internal/modules/cjs/loader.js:599:32)
    at tryModuleLoad (internal/modules/cjs/loader.js:538:12)
    at Function.Module._load (internal/modules/cjs/loader.js:530:3)
    at Module.require (internal/modules/cjs/loader.js:637:17)
    at require (internal/modules/cjs/helpers.js:20:18) 
- Date : 2019-11-04T12:13:35.570Z  --  level : [31merror[39m -- message : uncaughtException: Unexpected token =
S:\BISMILLAH myWorld\api_nodejs\database\User.request.js:1
(function (exports, require, module, __filename, __dirname) { const   = require('../database/db');
                                                                      ^

SyntaxError: Unexpected token =
    at new Script (vm.js:74:7)
    at createScript (vm.js:246:10)
    at Object.runInThisContext (vm.js:298:10)
    at Module._compile (internal/modules/cjs/loader.js:657:28)
    at Object.Module._extensions..js (internal/modules/cjs/loader.js:700:10)
    at Module.load (internal/modules/cjs/loader.js:599:32)
    at tryModuleLoad (internal/modules/cjs/loader.js:538:12)
    at Function.Module._load (internal/modules/cjs/loader.js:530:3)
    at Module.require (internal/modules/cjs/loader.js:637:17)
    at require (internal/modules/cjs/helpers.js:20:18) 
- Date : 2019-11-04T12:14:03.622Z  --  level : [31merror[39m -- message : uncaughtException: Unexpected token )
S:\BISMILLAH myWorld\api_nodejs\database\db.js:3
const dbConfigModule = (){
                        ^

SyntaxError: Unexpected token )
    at new Script (vm.js:74:7)
    at createScript (vm.js:246:10)
    at Object.runInThisContext (vm.js:298:10)
    at Module._compile (internal/modules/cjs/loader.js:657:28)
    at Object.Module._extensions..js (internal/modules/cjs/loader.js:700:10)
    at Module.load (internal/modules/cjs/loader.js:599:32)
    at tryModuleLoad (internal/modules/cjs/loader.js:538:12)
    at Function.Module._load (internal/modules/cjs/loader.js:530:3)
    at Module.require (internal/modules/cjs/loader.js:637:17)
    at require (internal/modules/cjs/helpers.js:20:18) 
- Date : 2019-11-04T12:14:06.985Z  --  level : [31merror[39m -- message : uncaughtException: Unexpected token )
S:\BISMILLAH myWorld\api_nodejs\database\db.js:3
const dbConfigModule = (){
                        ^

SyntaxError: Unexpected token )
    at new Script (vm.js:74:7)
    at createScript (vm.js:246:10)
    at Object.runInThisContext (vm.js:298:10)
    at Module._compile (internal/modules/cjs/loader.js:657:28)
    at Object.Module._extensions..js (internal/modules/cjs/loader.js:700:10)
    at Module.load (internal/modules/cjs/loader.js:599:32)
    at tryModuleLoad (internal/modules/cjs/loader.js:538:12)
    at Function.Module._load (internal/modules/cjs/loader.js:530:3)
    at Module.require (internal/modules/cjs/loader.js:637:17)
    at require (internal/modules/cjs/helpers.js:20:18) 
- Date : 2019-11-04T12:14:16.442Z  --  level : [31merror[39m -- message : uncaughtException: sequelize is not defined
ReferenceError: sequelize is not defined
    at Object.<anonymous> (S:\BISMILLAH myWorld\api_nodejs\app\models\User.js:17:3)
    at Module._compile (internal/modules/cjs/loader.js:689:30)
    at Object.Module._extensions..js (internal/modules/cjs/loader.js:700:10)
    at Module.load (internal/modules/cjs/loader.js:599:32)
    at tryModuleLoad (internal/modules/cjs/loader.js:538:12)
    at Function.Module._load (internal/modules/cjs/loader.js:530:3)
    at Module.require (internal/modules/cjs/loader.js:637:17)
    at require (internal/modules/cjs/helpers.js:20:18)
    at Object.<anonymous> (S:\BISMILLAH myWorld\api_nodejs\database\User.request.js:2:14)
    at Module._compile (internal/modules/cjs/loader.js:689:30)
    at Object.Module._extensions..js (internal/modules/cjs/loader.js:700:10)
    at Module.load (internal/modules/cjs/loader.js:599:32)
    at tryModuleLoad (internal/modules/cjs/loader.js:538:12)
    at Function.Module._load (internal/modules/cjs/loader.js:530:3)
    at Module.require (internal/modules/cjs/loader.js:637:17)
    at require (internal/modules/cjs/helpers.js:20:18)
    at Object.<anonymous> (S:\BISMILLAH myWorld\api_nodejs\app\index.js:25:13)
    at Module._compile (internal/modules/cjs/loader.js:689:30)
    at Object.Module._extensions..js (internal/modules/cjs/loader.js:700:10)
    at Module.load (internal/modules/cjs/loader.js:599:32)
    at tryModuleLoad (internal/modules/cjs/loader.js:538:12)
    at Function.Module._load (internal/modules/cjs/loader.js:530:3) 
- Date : 2019-11-04T12:15:03.689Z  --  level : [31merror[39m -- message : uncaughtException: sequelize is not defined
ReferenceError: sequelize is not defined
    at Object.<anonymous> (S:\BISMILLAH myWorld\api_nodejs\app\models\User.js:17:3)
    at Module._compile (internal/modules/cjs/loader.js:689:30)
    at Object.Module._extensions..js (internal/modules/cjs/loader.js:700:10)
    at Module.load (internal/modules/cjs/loader.js:599:32)
    at tryModuleLoad (internal/modules/cjs/loader.js:538:12)
    at Function.Module._load (internal/modules/cjs/loader.js:530:3)
    at Module.require (internal/modules/cjs/loader.js:637:17)
    at require (internal/modules/cjs/helpers.js:20:18)
    at Object.<anonymous> (S:\BISMILLAH myWorld\api_nodejs\database\User.request.js:2:14)
    at Module._compile (internal/modules/cjs/loader.js:689:30)
    at Object.Module._extensions..js (internal/modules/cjs/loader.js:700:10)
    at Module.load (internal/modules/cjs/loader.js:599:32)
    at tryModuleLoad (internal/modules/cjs/loader.js:538:12)
    at Function.Module._load (internal/modules/cjs/loader.js:530:3)
    at Module.require (internal/modules/cjs/loader.js:637:17)
    at require (internal/modules/cjs/helpers.js:20:18)
    at Object.<anonymous> (S:\BISMILLAH myWorld\api_nodejs\app\index.js:25:13)
    at Module._compile (internal/modules/cjs/loader.js:689:30)
    at Object.Module._extensions..js (internal/modules/cjs/loader.js:700:10)
    at Module.load (internal/modules/cjs/loader.js:599:32)
    at tryModuleLoad (internal/modules/cjs/loader.js:538:12)
    at Function.Module._load (internal/modules/cjs/loader.js:530:3) 
- Date : 2019-11-04T12:15:14.241Z  --  level : [31merror[39m -- message : uncaughtException: sequelize is not defined
ReferenceError: sequelize is not defined
    at Object.<anonymous> (S:\BISMILLAH myWorld\api_nodejs\app\models\User.js:17:3)
    at Module._compile (internal/modules/cjs/loader.js:689:30)
    at Object.Module._extensions..js (internal/modules/cjs/loader.js:700:10)
    at Module.load (internal/modules/cjs/loader.js:599:32)
    at tryModuleLoad (internal/modules/cjs/loader.js:538:12)
    at Function.Module._load (internal/modules/cjs/loader.js:530:3)
    at Module.require (internal/modules/cjs/loader.js:637:17)
    at require (internal/modules/cjs/helpers.js:20:18)
    at Object.<anonymous> (S:\BISMILLAH myWorld\api_nodejs\database\User.request.js:2:14)
    at Module._compile (internal/modules/cjs/loader.js:689:30)
    at Object.Module._extensions..js (internal/modules/cjs/loader.js:700:10)
    at Module.load (internal/modules/cjs/loader.js:599:32)
    at tryModuleLoad (internal/modules/cjs/loader.js:538:12)
    at Function.Module._load (internal/modules/cjs/loader.js:530:3)
    at Module.require (internal/modules/cjs/loader.js:637:17)
    at require (internal/modules/cjs/helpers.js:20:18)
    at Object.<anonymous> (S:\BISMILLAH myWorld\api_nodejs\app\index.js:25:13)
    at Module._compile (internal/modules/cjs/loader.js:689:30)
    at Object.Module._extensions..js (internal/modules/cjs/loader.js:700:10)
    at Module.load (internal/modules/cjs/loader.js:599:32)
    at tryModuleLoad (internal/modules/cjs/loader.js:538:12)
    at Function.Module._load (internal/modules/cjs/loader.js:530:3) 
- Date : 2019-11-04T12:15:21.742Z  --  level : [31merror[39m -- message : uncaughtException: sequelize is not defined
ReferenceError: sequelize is not defined
    at Object.<anonymous> (S:\BISMILLAH myWorld\api_nodejs\app\models\User.js:17:3)
    at Module._compile (internal/modules/cjs/loader.js:689:30)
    at Object.Module._extensions..js (internal/modules/cjs/loader.js:700:10)
    at Module.load (internal/modules/cjs/loader.js:599:32)
    at tryModuleLoad (internal/modules/cjs/loader.js:538:12)
    at Function.Module._load (internal/modules/cjs/loader.js:530:3)
    at Module.require (internal/modules/cjs/loader.js:637:17)
    at require (internal/modules/cjs/helpers.js:20:18)
    at Object.<anonymous> (S:\BISMILLAH myWorld\api_nodejs\database\User.request.js:2:14)
    at Module._compile (internal/modules/cjs/loader.js:689:30)
    at Object.Module._extensions..js (internal/modules/cjs/loader.js:700:10)
    at Module.load (internal/modules/cjs/loader.js:599:32)
    at tryModuleLoad (internal/modules/cjs/loader.js:538:12)
    at Function.Module._load (internal/modules/cjs/loader.js:530:3)
    at Module.require (internal/modules/cjs/loader.js:637:17)
    at require (internal/modules/cjs/helpers.js:20:18)
    at Object.<anonymous> (S:\BISMILLAH myWorld\api_nodejs\app\index.js:25:13)
    at Module._compile (internal/modules/cjs/loader.js:689:30)
    at Object.Module._extensions..js (internal/modules/cjs/loader.js:700:10)
    at Module.load (internal/modules/cjs/loader.js:599:32)
    at tryModuleLoad (internal/modules/cjs/loader.js:538:12)
    at Function.Module._load (internal/modules/cjs/loader.js:530:3) 
- Date : 2019-11-04T12:15:35.898Z  --  level : [31merror[39m -- message : uncaughtException: sequelize is not defined
ReferenceError: sequelize is not defined
    at Object.<anonymous> (S:\BISMILLAH myWorld\api_nodejs\app\models\User.js:17:3)
    at Module._compile (internal/modules/cjs/loader.js:689:30)
    at Object.Module._extensions..js (internal/modules/cjs/loader.js:700:10)
    at Module.load (internal/modules/cjs/loader.js:599:32)
    at tryModuleLoad (internal/modules/cjs/loader.js:538:12)
    at Function.Module._load (internal/modules/cjs/loader.js:530:3)
    at Module.require (internal/modules/cjs/loader.js:637:17)
    at require (internal/modules/cjs/helpers.js:20:18)
    at Object.<anonymous> (S:\BISMILLAH myWorld\api_nodejs\database\User.request.js:2:14)
    at Module._compile (internal/modules/cjs/loader.js:689:30)
    at Object.Module._extensions..js (internal/modules/cjs/loader.js:700:10)
    at Module.load (internal/modules/cjs/loader.js:599:32)
    at tryModuleLoad (internal/modules/cjs/loader.js:538:12)
    at Function.Module._load (internal/modules/cjs/loader.js:530:3)
    at Module.require (internal/modules/cjs/loader.js:637:17)
    at require (internal/modules/cjs/helpers.js:20:18)
    at Object.<anonymous> (S:\BISMILLAH myWorld\api_nodejs\app\index.js:25:13)
    at Module._compile (internal/modules/cjs/loader.js:689:30)
    at Object.Module._extensions..js (internal/modules/cjs/loader.js:700:10)
    at Module.load (internal/modules/cjs/loader.js:599:32)
    at tryModuleLoad (internal/modules/cjs/loader.js:538:12)
    at Function.Module._load (internal/modules/cjs/loader.js:530:3) 
- Date : 2019-11-04T12:15:47.403Z  --  level : [31merror[39m -- message : uncaughtException: Unexpected token const
S:\BISMILLAH myWorld\api_nodejs\app\models\User.js:3
const Model = Sequelize.Model;
^^^^^

SyntaxError: Unexpected token const
    at new Script (vm.js:74:7)
    at createScript (vm.js:246:10)
    at Object.runInThisContext (vm.js:298:10)
    at Module._compile (internal/modules/cjs/loader.js:657:28)
    at Object.Module._extensions..js (internal/modules/cjs/loader.js:700:10)
    at Module.load (internal/modules/cjs/loader.js:599:32)
    at tryModuleLoad (internal/modules/cjs/loader.js:538:12)
    at Function.Module._load (internal/modules/cjs/loader.js:530:3)
    at Module.require (internal/modules/cjs/loader.js:637:17)
    at require (internal/modules/cjs/helpers.js:20:18) 
- Date : 2019-11-04T12:16:22.798Z  --  level : [31merror[39m -- message : uncaughtException: No Sequelize instance passed
Error: No Sequelize instance passed
    at Function.init (S:\BISMILLAH myWorld\api_nodejs\node_modules\sequelize\lib\model.js:926:13)
    at Object.<anonymous> (S:\BISMILLAH myWorld\api_nodejs\app\models\User.js:6:6)
    at Module._compile (internal/modules/cjs/loader.js:689:30)
    at Object.Module._extensions..js (internal/modules/cjs/loader.js:700:10)
    at Module.load (internal/modules/cjs/loader.js:599:32)
    at tryModuleLoad (internal/modules/cjs/loader.js:538:12)
    at Function.Module._load (internal/modules/cjs/loader.js:530:3)
    at Module.require (internal/modules/cjs/loader.js:637:17)
    at require (internal/modules/cjs/helpers.js:20:18)
    at Object.<anonymous> (S:\BISMILLAH myWorld\api_nodejs\database\User.request.js:2:14)
    at Module._compile (internal/modules/cjs/loader.js:689:30)
    at Object.Module._extensions..js (internal/modules/cjs/loader.js:700:10)
    at Module.load (internal/modules/cjs/loader.js:599:32)
    at tryModuleLoad (internal/modules/cjs/loader.js:538:12)
    at Function.Module._load (internal/modules/cjs/loader.js:530:3)
    at Module.require (internal/modules/cjs/loader.js:637:17)
    at require (internal/modules/cjs/helpers.js:20:18)
    at Object.<anonymous> (S:\BISMILLAH myWorld\api_nodejs\app\index.js:25:13)
    at Module._compile (internal/modules/cjs/loader.js:689:30)
    at Object.Module._extensions..js (internal/modules/cjs/loader.js:700:10)
    at Module.load (internal/modules/cjs/loader.js:599:32)
    at tryModuleLoad (internal/modules/cjs/loader.js:538:12) 
- Date : 2019-11-04T12:17:06.730Z  --  level : [31merror[39m -- message : uncaughtException: Identifier 'User' has already been declared
S:\BISMILLAH myWorld\api_nodejs\app\models\User.js:5
class User extends Model {}
                          ^

SyntaxError: Identifier 'User' has already been declared
    at new Script (vm.js:74:7)
    at createScript (vm.js:246:10)
    at Object.runInThisContext (vm.js:298:10)
    at Module._compile (internal/modules/cjs/loader.js:657:28)
    at Object.Module._extensions..js (internal/modules/cjs/loader.js:700:10)
    at Module.load (internal/modules/cjs/loader.js:599:32)
    at tryModuleLoad (internal/modules/cjs/loader.js:538:12)
    at Function.Module._load (internal/modules/cjs/loader.js:530:3)
    at Module.require (internal/modules/cjs/loader.js:637:17)
    at require (internal/modules/cjs/helpers.js:20:18) 
- Date : 2019-11-04T12:17:48.891Z  --  level : [31merror[39m -- message : uncaughtException: User is not defined
ReferenceError: User is not defined
    at Object.<anonymous> (S:\BISMILLAH myWorld\api_nodejs\database\User.request.js:3:1)
    at Module._compile (internal/modules/cjs/loader.js:689:30)
    at Object.Module._extensions..js (internal/modules/cjs/loader.js:700:10)
    at Module.load (internal/modules/cjs/loader.js:599:32)
    at tryModuleLoad (internal/modules/cjs/loader.js:538:12)
    at Function.Module._load (internal/modules/cjs/loader.js:530:3)
    at Module.require (internal/modules/cjs/loader.js:637:17)
    at require (internal/modules/cjs/helpers.js:20:18)
    at Object.<anonymous> (S:\BISMILLAH myWorld\api_nodejs\app\index.js:25:13)
    at Module._compile (internal/modules/cjs/loader.js:689:30) 
- Date : 2019-11-04T12:17:59.814Z  --  level : [31merror[39m -- message : uncaughtException: Identifier 'User' has already been declared
S:\BISMILLAH myWorld\api_nodejs\app\models\User.js:5
class User extends Model {}
                          ^

SyntaxError: Identifier 'User' has already been declared
    at new Script (vm.js:74:7)
    at createScript (vm.js:246:10)
    at Object.runInThisContext (vm.js:298:10)
    at Module._compile (internal/modules/cjs/loader.js:657:28)
    at Object.Module._extensions..js (internal/modules/cjs/loader.js:700:10)
    at Module.load (internal/modules/cjs/loader.js:599:32)
    at tryModuleLoad (internal/modules/cjs/loader.js:538:12)
    at Function.Module._load (internal/modules/cjs/loader.js:530:3)
    at Module.require (internal/modules/cjs/loader.js:637:17)
    at require (internal/modules/cjs/helpers.js:20:18) 
- Date : 2019-11-04T12:18:24.639Z  --  level : [31merror[39m -- message : uncaughtException: Cannot find module '../../database/User.request'
Error: Cannot find module '../../database/User.request'
    at Function.Module._resolveFilename (internal/modules/cjs/loader.js:581:15)
    at Function.Module._load (internal/modules/cjs/loader.js:507:25)
    at Module.require (internal/modules/cjs/loader.js:637:17)
    at require (internal/modules/cjs/helpers.js:20:18)
    at Object.<anonymous> (S:\BISMILLAH myWorld\api_nodejs\database\User.request.js:3:27)
    at Module._compile (internal/modules/cjs/loader.js:689:30)
    at Object.Module._extensions..js (internal/modules/cjs/loader.js:700:10)
    at Module.load (internal/modules/cjs/loader.js:599:32)
    at tryModuleLoad (internal/modules/cjs/loader.js:538:12)
    at Function.Module._load (internal/modules/cjs/loader.js:530:3)
    at Module.require (internal/modules/cjs/loader.js:637:17)
    at require (internal/modules/cjs/helpers.js:20:18)
    at Object.<anonymous> (S:\BISMILLAH myWorld\api_nodejs\app\index.js:25:13)
    at Module._compile (internal/modules/cjs/loader.js:689:30)
    at Object.Module._extensions..js (internal/modules/cjs/loader.js:700:10)
    at Module.load (internal/modules/cjs/loader.js:599:32)
    at tryModuleLoad (internal/modules/cjs/loader.js:538:12)
    at Function.Module._load (internal/modules/cjs/loader.js:530:3)
    at Function.Module.runMain (internal/modules/cjs/loader.js:742:12)
    at startup (internal/bootstrap/node.js:266:19)
    at bootstrapNodeJSCore (internal/bootstrap/node.js:596:3) 
- Date : 2019-11-04T12:18:32.529Z  --  level : [31merror[39m -- message : uncaughtException: Cannot find module '../../database/User.request'
Error: Cannot find module '../../database/User.request'
    at Function.Module._resolveFilename (internal/modules/cjs/loader.js:581:15)
    at Function.Module._load (internal/modules/cjs/loader.js:507:25)
    at Module.require (internal/modules/cjs/loader.js:637:17)
    at require (internal/modules/cjs/helpers.js:20:18)
    at Object.<anonymous> (S:\BISMILLAH myWorld\api_nodejs\database\User.request.js:2:27)
    at Module._compile (internal/modules/cjs/loader.js:689:30)
    at Object.Module._extensions..js (internal/modules/cjs/loader.js:700:10)
    at Module.load (internal/modules/cjs/loader.js:599:32)
    at tryModuleLoad (internal/modules/cjs/loader.js:538:12)
    at Function.Module._load (internal/modules/cjs/loader.js:530:3) 
- Date : 2019-11-04T12:19:09.737Z  --  level : [31merror[39m -- message : uncaughtException: Identifier 'User' has already been declared
S:\BISMILLAH myWorld\api_nodejs\app\models\User.js:5
class User extends Model {}
                          ^

SyntaxError: Identifier 'User' has already been declared
    at new Script (vm.js:74:7)
    at createScript (vm.js:246:10)
    at Object.runInThisContext (vm.js:298:10)
    at Module._compile (internal/modules/cjs/loader.js:657:28)
    at Object.Module._extensions..js (internal/modules/cjs/loader.js:700:10)
    at Module.load (internal/modules/cjs/loader.js:599:32)
    at tryModuleLoad (internal/modules/cjs/loader.js:538:12)
    at Function.Module._load (internal/modules/cjs/loader.js:530:3)
    at Module.require (internal/modules/cjs/loader.js:637:17)
    at require (internal/modules/cjs/helpers.js:20:18) 
- Date : 2019-11-04T12:19:58.509Z  --  level : [31merror[39m -- message : uncaughtException: Identifier 'User' has already been declared
S:\BISMILLAH myWorld\api_nodejs\app\models\User.js:5
class User extends Model {}
                          ^

SyntaxError: Identifier 'User' has already been declared
    at new Script (vm.js:74:7)
    at createScript (vm.js:246:10)
    at Object.runInThisContext (vm.js:298:10)
    at Module._compile (internal/modules/cjs/loader.js:657:28)
    at Object.Module._extensions..js (internal/modules/cjs/loader.js:700:10)
    at Module.load (internal/modules/cjs/loader.js:599:32)
    at tryModuleLoad (internal/modules/cjs/loader.js:538:12)
    at Function.Module._load (internal/modules/cjs/loader.js:530:3)
    at Module.require (internal/modules/cjs/loader.js:637:17)
    at require (internal/modules/cjs/helpers.js:20:18) 
- Date : 2019-11-04T12:20:30.254Z  --  level : [31merror[39m -- message : uncaughtException: No Sequelize instance passed
Error: No Sequelize instance passed
    at Function.init (S:\BISMILLAH myWorld\api_nodejs\node_modules\sequelize\lib\model.js:926:13)
    at Object.<anonymous> (S:\BISMILLAH myWorld\api_nodejs\app\models\User.js:6:6)
    at Module._compile (internal/modules/cjs/loader.js:689:30)
    at Object.Module._extensions..js (internal/modules/cjs/loader.js:700:10)
    at Module.load (internal/modules/cjs/loader.js:599:32)
    at tryModuleLoad (internal/modules/cjs/loader.js:538:12)
    at Function.Module._load (internal/modules/cjs/loader.js:530:3)
    at Module.require (internal/modules/cjs/loader.js:637:17)
    at require (internal/modules/cjs/helpers.js:20:18)
    at Object.<anonymous> (S:\BISMILLAH myWorld\api_nodejs\database\User.request.js:2:16)
    at Module._compile (internal/modules/cjs/loader.js:689:30)
    at Object.Module._extensions..js (internal/modules/cjs/loader.js:700:10)
    at Module.load (internal/modules/cjs/loader.js:599:32)
    at tryModuleLoad (internal/modules/cjs/loader.js:538:12)
    at Function.Module._load (internal/modules/cjs/loader.js:530:3)
    at Module.require (internal/modules/cjs/loader.js:637:17)
    at require (internal/modules/cjs/helpers.js:20:18)
    at Object.<anonymous> (S:\BISMILLAH myWorld\api_nodejs\app\index.js:25:13)
    at Module._compile (internal/modules/cjs/loader.js:689:30)
    at Object.Module._extensions..js (internal/modules/cjs/loader.js:700:10)
    at Module.load (internal/modules/cjs/loader.js:599:32)
    at tryModuleLoad (internal/modules/cjs/loader.js:538:12) 
- Date : 2019-11-04T12:21:17.836Z  --  level : [31merror[39m -- message : uncaughtException: No Sequelize instance passed
Error: No Sequelize instance passed
    at Function.init (S:\BISMILLAH myWorld\api_nodejs\node_modules\sequelize\lib\model.js:926:13)
    at Object.<anonymous> (S:\BISMILLAH myWorld\api_nodejs\app\models\User.js:6:6)
    at Module._compile (internal/modules/cjs/loader.js:689:30)
    at Object.Module._extensions..js (internal/modules/cjs/loader.js:700:10)
    at Module.load (internal/modules/cjs/loader.js:599:32)
    at tryModuleLoad (internal/modules/cjs/loader.js:538:12)
    at Function.Module._load (internal/modules/cjs/loader.js:530:3)
    at Module.require (internal/modules/cjs/loader.js:637:17)
    at require (internal/modules/cjs/helpers.js:20:18)
    at Object.<anonymous> (S:\BISMILLAH myWorld\api_nodejs\database\User.request.js:2:16)
    at Module._compile (internal/modules/cjs/loader.js:689:30)
    at Object.Module._extensions..js (internal/modules/cjs/loader.js:700:10)
    at Module.load (internal/modules/cjs/loader.js:599:32)
    at tryModuleLoad (internal/modules/cjs/loader.js:538:12)
    at Function.Module._load (internal/modules/cjs/loader.js:530:3)
    at Module.require (internal/modules/cjs/loader.js:637:17)
    at require (internal/modules/cjs/helpers.js:20:18)
    at Object.<anonymous> (S:\BISMILLAH myWorld\api_nodejs\app\index.js:25:13)
    at Module._compile (internal/modules/cjs/loader.js:689:30)
    at Object.Module._extensions..js (internal/modules/cjs/loader.js:700:10)
    at Module.load (internal/modules/cjs/loader.js:599:32)
    at tryModuleLoad (internal/modules/cjs/loader.js:538:12) 
- Date : 2019-11-04T12:21:55.832Z  --  level : [31merror[39m -- message : uncaughtException: sequelize is not defined
ReferenceError: sequelize is not defined
    at Object.<anonymous> (S:\BISMILLAH myWorld\api_nodejs\database\db.js:35:5)
    at Module._compile (internal/modules/cjs/loader.js:689:30)
    at Object.Module._extensions..js (internal/modules/cjs/loader.js:700:10)
    at Module.load (internal/modules/cjs/loader.js:599:32)
    at tryModuleLoad (internal/modules/cjs/loader.js:538:12)
    at Function.Module._load (internal/modules/cjs/loader.js:530:3)
    at Module.require (internal/modules/cjs/loader.js:637:17)
    at require (internal/modules/cjs/helpers.js:20:18)
    at Object.<anonymous> (S:\BISMILLAH myWorld\api_nodejs\database\User.request.js:2:16)
    at Module._compile (internal/modules/cjs/loader.js:689:30) 
- Date : 2019-11-04T12:22:15.740Z  --  level : [31merror[39m -- message : uncaughtException: sequelize is not defined
ReferenceError: sequelize is not defined
    at Object.<anonymous> (S:\BISMILLAH myWorld\api_nodejs\database\db.js:35:5)
    at Module._compile (internal/modules/cjs/loader.js:689:30)
    at Object.Module._extensions..js (internal/modules/cjs/loader.js:700:10)
    at Module.load (internal/modules/cjs/loader.js:599:32)
    at tryModuleLoad (internal/modules/cjs/loader.js:538:12)
    at Function.Module._load (internal/modules/cjs/loader.js:530:3)
    at Module.require (internal/modules/cjs/loader.js:637:17)
    at require (internal/modules/cjs/helpers.js:20:18)
    at Object.<anonymous> (S:\BISMILLAH myWorld\api_nodejs\database\User.request.js:2:27)
    at Module._compile (internal/modules/cjs/loader.js:689:30) 
- Date : 2019-11-04T12:22:24.365Z  --  level : [31merror[39m -- message : uncaughtException: sequelize is not defined
ReferenceError: sequelize is not defined
    at Object.<anonymous> (S:\BISMILLAH myWorld\api_nodejs\database\db.js:35:5)
    at Module._compile (internal/modules/cjs/loader.js:689:30)
    at Object.Module._extensions..js (internal/modules/cjs/loader.js:700:10)
    at Module.load (internal/modules/cjs/loader.js:599:32)
    at tryModuleLoad (internal/modules/cjs/loader.js:538:12)
    at Function.Module._load (internal/modules/cjs/loader.js:530:3)
    at Module.require (internal/modules/cjs/loader.js:637:17)
    at require (internal/modules/cjs/helpers.js:20:18)
    at Object.<anonymous> (S:\BISMILLAH myWorld\api_nodejs\database\User.request.js:2:38)
    at Module._compile (internal/modules/cjs/loader.js:689:30) 
- Date : 2019-11-04T12:22:44.371Z  --  level : [31merror[39m -- message : uncaughtException: dbConfigModule is not defined
ReferenceError: dbConfigModule is not defined
    at Object.<anonymous> (S:\BISMILLAH myWorld\api_nodejs\database\db.js:31:5)
    at Module._compile (internal/modules/cjs/loader.js:689:30)
    at Object.Module._extensions..js (internal/modules/cjs/loader.js:700:10)
    at Module.load (internal/modules/cjs/loader.js:599:32)
    at tryModuleLoad (internal/modules/cjs/loader.js:538:12)
    at Function.Module._load (internal/modules/cjs/loader.js:530:3)
    at Module.require (internal/modules/cjs/loader.js:637:17)
    at require (internal/modules/cjs/helpers.js:20:18)
    at Object.<anonymous> (S:\BISMILLAH myWorld\api_nodejs\database\User.request.js:2:38)
    at Module._compile (internal/modules/cjs/loader.js:689:30)
    at Object.Module._extensions..js (internal/modules/cjs/loader.js:700:10)
    at Module.load (internal/modules/cjs/loader.js:599:32)
    at tryModuleLoad (internal/modules/cjs/loader.js:538:12)
    at Function.Module._load (internal/modules/cjs/loader.js:530:3)
    at Module.require (internal/modules/cjs/loader.js:637:17)
    at require (internal/modules/cjs/helpers.js:20:18)
    at Object.<anonymous> (S:\BISMILLAH myWorld\api_nodejs\app\index.js:25:13)
    at Module._compile (internal/modules/cjs/loader.js:689:30)
    at Object.Module._extensions..js (internal/modules/cjs/loader.js:700:10)
    at Module.load (internal/modules/cjs/loader.js:599:32)
    at tryModuleLoad (internal/modules/cjs/loader.js:538:12)
    at Function.Module._load (internal/modules/cjs/loader.js:530:3) 
- Date : 2019-11-04T12:22:58.029Z  --  level : [31merror[39m -- message : uncaughtException: Cannot read property 'findAll' of undefined
TypeError: Cannot read property 'findAll' of undefined
    at Object.<anonymous> (S:\BISMILLAH myWorld\api_nodejs\database\User.request.js:4:6)
    at Module._compile (internal/modules/cjs/loader.js:689:30)
    at Object.Module._extensions..js (internal/modules/cjs/loader.js:700:10)
    at Module.load (internal/modules/cjs/loader.js:599:32)
    at tryModuleLoad (internal/modules/cjs/loader.js:538:12)
    at Function.Module._load (internal/modules/cjs/loader.js:530:3)
    at Module.require (internal/modules/cjs/loader.js:637:17)
    at require (internal/modules/cjs/helpers.js:20:18)
    at Object.<anonymous> (S:\BISMILLAH myWorld\api_nodejs\app\index.js:25:13)
    at Module._compile (internal/modules/cjs/loader.js:689:30)
    at Object.Module._extensions..js (internal/modules/cjs/loader.js:700:10)
    at Module.load (internal/modules/cjs/loader.js:599:32)
    at tryModuleLoad (internal/modules/cjs/loader.js:538:12)
    at Function.Module._load (internal/modules/cjs/loader.js:530:3)
    at Function.Module.runMain (internal/modules/cjs/loader.js:742:12)
    at startup (internal/bootstrap/node.js:266:19)
    at bootstrapNodeJSCore (internal/bootstrap/node.js:596:3) 
- Date : 2019-11-04T12:24:06.746Z  --  level : [31merror[39m -- message : uncaughtException: Cannot read property 'findAll' of undefined
TypeError: Cannot read property 'findAll' of undefined
    at Object.<anonymous> (S:\BISMILLAH myWorld\api_nodejs\database\User.request.js:4:6)
    at Module._compile (internal/modules/cjs/loader.js:689:30)
    at Object.Module._extensions..js (internal/modules/cjs/loader.js:700:10)
    at Module.load (internal/modules/cjs/loader.js:599:32)
    at tryModuleLoad (internal/modules/cjs/loader.js:538:12)
    at Function.Module._load (internal/modules/cjs/loader.js:530:3)
    at Module.require (internal/modules/cjs/loader.js:637:17)
    at require (internal/modules/cjs/helpers.js:20:18)
    at Object.<anonymous> (S:\BISMILLAH myWorld\api_nodejs\app\index.js:25:13)
    at Module._compile (internal/modules/cjs/loader.js:689:30)
    at Object.Module._extensions..js (internal/modules/cjs/loader.js:700:10)
    at Module.load (internal/modules/cjs/loader.js:599:32)
    at tryModuleLoad (internal/modules/cjs/loader.js:538:12)
    at Function.Module._load (internal/modules/cjs/loader.js:530:3)
    at Function.Module.runMain (internal/modules/cjs/loader.js:742:12)
    at startup (internal/bootstrap/node.js:266:19)
    at bootstrapNodeJSCore (internal/bootstrap/node.js:596:3) 
- Date : 2019-11-04T12:25:06.366Z  --  level : [31merror[39m -- message : uncaughtException: No Sequelize instance passed
Error: No Sequelize instance passed
    at Function.init (S:\BISMILLAH myWorld\api_nodejs\node_modules\sequelize\lib\model.js:926:13)
    at Object.<anonymous> (S:\BISMILLAH myWorld\api_nodejs\app\models\User.js:6:6)
    at Module._compile (internal/modules/cjs/loader.js:689:30)
    at Object.Module._extensions..js (internal/modules/cjs/loader.js:700:10)
    at Module.load (internal/modules/cjs/loader.js:599:32)
    at tryModuleLoad (internal/modules/cjs/loader.js:538:12)
    at Function.Module._load (internal/modules/cjs/loader.js:530:3)
    at Module.require (internal/modules/cjs/loader.js:637:17)
    at require (internal/modules/cjs/helpers.js:20:18)
    at Object.<anonymous> (S:\BISMILLAH myWorld\api_nodejs\database\User.request.js:3:16)
    at Module._compile (internal/modules/cjs/loader.js:689:30)
    at Object.Module._extensions..js (internal/modules/cjs/loader.js:700:10)
    at Module.load (internal/modules/cjs/loader.js:599:32)
    at tryModuleLoad (internal/modules/cjs/loader.js:538:12)
    at Function.Module._load (internal/modules/cjs/loader.js:530:3)
    at Module.require (internal/modules/cjs/loader.js:637:17)
    at require (internal/modules/cjs/helpers.js:20:18)
    at Object.<anonymous> (S:\BISMILLAH myWorld\api_nodejs\app\index.js:25:13)
    at Module._compile (internal/modules/cjs/loader.js:689:30)
    at Object.Module._extensions..js (internal/modules/cjs/loader.js:700:10)
    at Module.load (internal/modules/cjs/loader.js:599:32)
    at tryModuleLoad (internal/modules/cjs/loader.js:538:12) 
- Date : 2019-11-04T12:25:55.202Z  --  level : [31merror[39m -- message : uncaughtException: sequelize is not defined
ReferenceError: sequelize is not defined
    at Object.<anonymous> (S:\BISMILLAH myWorld\api_nodejs\app\models\User.js:16:3)
    at Module._compile (internal/modules/cjs/loader.js:689:30)
    at Object.Module._extensions..js (internal/modules/cjs/loader.js:700:10)
    at Module.load (internal/modules/cjs/loader.js:599:32)
    at tryModuleLoad (internal/modules/cjs/loader.js:538:12)
    at Function.Module._load (internal/modules/cjs/loader.js:530:3)
    at Module.require (internal/modules/cjs/loader.js:637:17)
    at require (internal/modules/cjs/helpers.js:20:18)
    at Object.<anonymous> (S:\BISMILLAH myWorld\api_nodejs\database\User.request.js:3:16)
    at Module._compile (internal/modules/cjs/loader.js:689:30)
    at Object.Module._extensions..js (internal/modules/cjs/loader.js:700:10)
    at Module.load (internal/modules/cjs/loader.js:599:32)
    at tryModuleLoad (internal/modules/cjs/loader.js:538:12)
    at Function.Module._load (internal/modules/cjs/loader.js:530:3)
    at Module.require (internal/modules/cjs/loader.js:637:17)
    at require (internal/modules/cjs/helpers.js:20:18)
    at Object.<anonymous> (S:\BISMILLAH myWorld\api_nodejs\app\index.js:25:13)
    at Module._compile (internal/modules/cjs/loader.js:689:30)
    at Object.Module._extensions..js (internal/modules/cjs/loader.js:700:10)
    at Module.load (internal/modules/cjs/loader.js:599:32)
    at tryModuleLoad (internal/modules/cjs/loader.js:538:12)
    at Function.Module._load (internal/modules/cjs/loader.js:530:3) 
- Date : 2019-11-04T12:26:17.897Z  --  level : [31merror[39m -- message : uncaughtException: Identifier 'User' has already been declared
S:\BISMILLAH myWorld\api_nodejs\app\models\User.js:4
class User extends Model {}
                          ^

SyntaxError: Identifier 'User' has already been declared
    at new Script (vm.js:74:7)
    at createScript (vm.js:246:10)
    at Object.runInThisContext (vm.js:298:10)
    at Module._compile (internal/modules/cjs/loader.js:657:28)
    at Object.Module._extensions..js (internal/modules/cjs/loader.js:700:10)
    at Module.load (internal/modules/cjs/loader.js:599:32)
    at tryModuleLoad (internal/modules/cjs/loader.js:538:12)
    at Function.Module._load (internal/modules/cjs/loader.js:530:3)
    at Module.require (internal/modules/cjs/loader.js:637:17)
    at require (internal/modules/cjs/helpers.js:20:18) 
- Date : 2019-11-04T12:26:34.404Z  --  level : [31merror[39m -- message : uncaughtException: Cannot read property 'findAll' of undefined
TypeError: Cannot read property 'findAll' of undefined
    at Object.<anonymous> (S:\BISMILLAH myWorld\api_nodejs\database\User.request.js:6:6)
    at Module._compile (internal/modules/cjs/loader.js:689:30)
    at Object.Module._extensions..js (internal/modules/cjs/loader.js:700:10)
    at Module.load (internal/modules/cjs/loader.js:599:32)
    at tryModuleLoad (internal/modules/cjs/loader.js:538:12)
    at Function.Module._load (internal/modules/cjs/loader.js:530:3)
    at Module.require (internal/modules/cjs/loader.js:637:17)
    at require (internal/modules/cjs/helpers.js:20:18)
    at Object.<anonymous> (S:\BISMILLAH myWorld\api_nodejs\app\index.js:25:13)
    at Module._compile (internal/modules/cjs/loader.js:689:30)
    at Object.Module._extensions..js (internal/modules/cjs/loader.js:700:10)
    at Module.load (internal/modules/cjs/loader.js:599:32)
    at tryModuleLoad (internal/modules/cjs/loader.js:538:12)
    at Function.Module._load (internal/modules/cjs/loader.js:530:3)
    at Function.Module.runMain (internal/modules/cjs/loader.js:742:12)
    at startup (internal/bootstrap/node.js:266:19)
    at bootstrapNodeJSCore (internal/bootstrap/node.js:596:3) 
- Date : 2019-11-04T12:26:54.377Z  --  level : [31merror[39m -- message : uncaughtException: Identifier 'User' has already been declared
S:\BISMILLAH myWorld\api_nodejs\app\models\User.js:4
class User extends Model {}
                          ^

SyntaxError: Identifier 'User' has already been declared
    at new Script (vm.js:74:7)
    at createScript (vm.js:246:10)
    at Object.runInThisContext (vm.js:298:10)
    at Module._compile (internal/modules/cjs/loader.js:657:28)
    at Object.Module._extensions..js (internal/modules/cjs/loader.js:700:10)
    at Module.load (internal/modules/cjs/loader.js:599:32)
    at tryModuleLoad (internal/modules/cjs/loader.js:538:12)
    at Function.Module._load (internal/modules/cjs/loader.js:530:3)
    at Module.require (internal/modules/cjs/loader.js:637:17)
    at require (internal/modules/cjs/helpers.js:20:18) 
- Date : 2019-11-04T12:27:00.860Z  --  level : [31merror[39m -- message : uncaughtException: User is not defined
ReferenceError: User is not defined
    at Object.<anonymous> (S:\BISMILLAH myWorld\api_nodejs\database\User.request.js:6:1)
    at Module._compile (internal/modules/cjs/loader.js:689:30)
    at Object.Module._extensions..js (internal/modules/cjs/loader.js:700:10)
    at Module.load (internal/modules/cjs/loader.js:599:32)
    at tryModuleLoad (internal/modules/cjs/loader.js:538:12)
    at Function.Module._load (internal/modules/cjs/loader.js:530:3)
    at Module.require (internal/modules/cjs/loader.js:637:17)
    at require (internal/modules/cjs/helpers.js:20:18)
    at Object.<anonymous> (S:\BISMILLAH myWorld\api_nodejs\app\index.js:25:13)
    at Module._compile (internal/modules/cjs/loader.js:689:30) 
- Date : 2019-11-04T12:27:17.904Z  --  level : [31merror[39m -- message : uncaughtException: Cannot read property 'findAll' of undefined
TypeError: Cannot read property 'findAll' of undefined
    at Object.<anonymous> (S:\BISMILLAH myWorld\api_nodejs\database\User.request.js:5:6)
    at Module._compile (internal/modules/cjs/loader.js:689:30)
    at Object.Module._extensions..js (internal/modules/cjs/loader.js:700:10)
    at Module.load (internal/modules/cjs/loader.js:599:32)
    at tryModuleLoad (internal/modules/cjs/loader.js:538:12)
    at Function.Module._load (internal/modules/cjs/loader.js:530:3)
    at Module.require (internal/modules/cjs/loader.js:637:17)
    at require (internal/modules/cjs/helpers.js:20:18)
    at Object.<anonymous> (S:\BISMILLAH myWorld\api_nodejs\app\index.js:25:13)
    at Module._compile (internal/modules/cjs/loader.js:689:30)
    at Object.Module._extensions..js (internal/modules/cjs/loader.js:700:10)
    at Module.load (internal/modules/cjs/loader.js:599:32)
    at tryModuleLoad (internal/modules/cjs/loader.js:538:12)
    at Function.Module._load (internal/modules/cjs/loader.js:530:3)
    at Function.Module.runMain (internal/modules/cjs/loader.js:742:12)
    at startup (internal/bootstrap/node.js:266:19)
    at bootstrapNodeJSCore (internal/bootstrap/node.js:596:3) 
- Date : 2019-11-04T12:28:02.335Z  --  level : [31merror[39m -- message : uncaughtException: Identifier 'User' has already been declared
S:\BISMILLAH myWorld\api_nodejs\app\models\User.js:4
class User extends Model {}
                          ^

SyntaxError: Identifier 'User' has already been declared
    at new Script (vm.js:74:7)
    at createScript (vm.js:246:10)
    at Object.runInThisContext (vm.js:298:10)
    at Module._compile (internal/modules/cjs/loader.js:657:28)
    at Object.Module._extensions..js (internal/modules/cjs/loader.js:700:10)
    at Module.load (internal/modules/cjs/loader.js:599:32)
    at tryModuleLoad (internal/modules/cjs/loader.js:538:12)
    at Function.Module._load (internal/modules/cjs/loader.js:530:3)
    at Module.require (internal/modules/cjs/loader.js:637:17)
    at require (internal/modules/cjs/helpers.js:20:18) 
- Date : 2019-11-04T12:28:06.232Z  --  level : [31merror[39m -- message : uncaughtException: Identifier 'User' has already been declared
S:\BISMILLAH myWorld\api_nodejs\app\models\User.js:4
class User extends Model {}
                          ^

SyntaxError: Identifier 'User' has already been declared
    at new Script (vm.js:74:7)
    at createScript (vm.js:246:10)
    at Object.runInThisContext (vm.js:298:10)
    at Module._compile (internal/modules/cjs/loader.js:657:28)
    at Object.Module._extensions..js (internal/modules/cjs/loader.js:700:10)
    at Module.load (internal/modules/cjs/loader.js:599:32)
    at tryModuleLoad (internal/modules/cjs/loader.js:538:12)
    at Function.Module._load (internal/modules/cjs/loader.js:530:3)
    at Module.require (internal/modules/cjs/loader.js:637:17)
    at require (internal/modules/cjs/helpers.js:20:18) 
- Date : 2019-11-04T12:28:27.006Z  --  level : [31merror[39m -- message : uncaughtException: User.findAll is not a function
TypeError: User.findAll is not a function
    at Object.<anonymous> (S:\BISMILLAH myWorld\api_nodejs\database\User.request.js:5:6)
    at Module._compile (internal/modules/cjs/loader.js:689:30)
    at Object.Module._extensions..js (internal/modules/cjs/loader.js:700:10)
    at Module.load (internal/modules/cjs/loader.js:599:32)
    at tryModuleLoad (internal/modules/cjs/loader.js:538:12)
    at Function.Module._load (internal/modules/cjs/loader.js:530:3)
    at Module.require (internal/modules/cjs/loader.js:637:17)
    at require (internal/modules/cjs/helpers.js:20:18)
    at Object.<anonymous> (S:\BISMILLAH myWorld\api_nodejs\app\index.js:25:13)
    at Module._compile (internal/modules/cjs/loader.js:689:30)
    at Object.Module._extensions..js (internal/modules/cjs/loader.js:700:10)
    at Module.load (internal/modules/cjs/loader.js:599:32)
    at tryModuleLoad (internal/modules/cjs/loader.js:538:12)
    at Function.Module._load (internal/modules/cjs/loader.js:530:3)
    at Function.Module.runMain (internal/modules/cjs/loader.js:742:12)
    at startup (internal/bootstrap/node.js:266:19)
    at bootstrapNodeJSCore (internal/bootstrap/node.js:596:3) 
- Date : 2019-11-04T12:31:21.027Z  --  level : [31merror[39m -- message : uncaughtException: Cannot read property 'findAll' of undefined
TypeError: Cannot read property 'findAll' of undefined
    at Object.<anonymous> (S:\BISMILLAH myWorld\api_nodejs\database\User.request.js:5:6)
    at Module._compile (internal/modules/cjs/loader.js:689:30)
    at Object.Module._extensions..js (internal/modules/cjs/loader.js:700:10)
    at Module.load (internal/modules/cjs/loader.js:599:32)
    at tryModuleLoad (internal/modules/cjs/loader.js:538:12)
    at Function.Module._load (internal/modules/cjs/loader.js:530:3)
    at Module.require (internal/modules/cjs/loader.js:637:17)
    at require (internal/modules/cjs/helpers.js:20:18)
    at Object.<anonymous> (S:\BISMILLAH myWorld\api_nodejs\app\index.js:25:13)
    at Module._compile (internal/modules/cjs/loader.js:689:30)
    at Object.Module._extensions..js (internal/modules/cjs/loader.js:700:10)
    at Module.load (internal/modules/cjs/loader.js:599:32)
    at tryModuleLoad (internal/modules/cjs/loader.js:538:12)
    at Function.Module._load (internal/modules/cjs/loader.js:530:3)
    at Function.Module.runMain (internal/modules/cjs/loader.js:742:12)
    at startup (internal/bootstrap/node.js:266:19)
    at bootstrapNodeJSCore (internal/bootstrap/node.js:596:3) 
- Date : 2019-11-04T12:32:20.867Z  --  level : [31merror[39m -- message : uncaughtException: User.findAll is not a function
TypeError: User.findAll is not a function
    at Object.<anonymous> (S:\BISMILLAH myWorld\api_nodejs\database\User.request.js:5:6)
    at Module._compile (internal/modules/cjs/loader.js:689:30)
    at Object.Module._extensions..js (internal/modules/cjs/loader.js:700:10)
    at Module.load (internal/modules/cjs/loader.js:599:32)
    at tryModuleLoad (internal/modules/cjs/loader.js:538:12)
    at Function.Module._load (internal/modules/cjs/loader.js:530:3)
    at Module.require (internal/modules/cjs/loader.js:637:17)
    at require (internal/modules/cjs/helpers.js:20:18)
    at Object.<anonymous> (S:\BISMILLAH myWorld\api_nodejs\app\index.js:25:13)
    at Module._compile (internal/modules/cjs/loader.js:689:30)
    at Object.Module._extensions..js (internal/modules/cjs/loader.js:700:10)
    at Module.load (internal/modules/cjs/loader.js:599:32)
    at tryModuleLoad (internal/modules/cjs/loader.js:538:12)
    at Function.Module._load (internal/modules/cjs/loader.js:530:3)
    at Function.Module.runMain (internal/modules/cjs/loader.js:742:12)
    at startup (internal/bootstrap/node.js:266:19)
    at bootstrapNodeJSCore (internal/bootstrap/node.js:596:3) 
- Date : 2019-11-04T12:32:51.845Z  --  level : [31merror[39m -- message : uncaughtException: User is not a constructor
TypeError: User is not a constructor
    at Object.<anonymous> (S:\BISMILLAH myWorld\api_nodejs\database\User.request.js:4:8)
    at Module._compile (internal/modules/cjs/loader.js:689:30)
    at Object.Module._extensions..js (internal/modules/cjs/loader.js:700:10)
    at Module.load (internal/modules/cjs/loader.js:599:32)
    at tryModuleLoad (internal/modules/cjs/loader.js:538:12)
    at Function.Module._load (internal/modules/cjs/loader.js:530:3)
    at Module.require (internal/modules/cjs/loader.js:637:17)
    at require (internal/modules/cjs/helpers.js:20:18)
    at Object.<anonymous> (S:\BISMILLAH myWorld\api_nodejs\app\index.js:25:13)
    at Module._compile (internal/modules/cjs/loader.js:689:30)
    at Object.Module._extensions..js (internal/modules/cjs/loader.js:700:10)
    at Module.load (internal/modules/cjs/loader.js:599:32)
    at tryModuleLoad (internal/modules/cjs/loader.js:538:12)
    at Function.Module._load (internal/modules/cjs/loader.js:530:3)
    at Function.Module.runMain (internal/modules/cjs/loader.js:742:12)
    at startup (internal/bootstrap/node.js:266:19)
    at bootstrapNodeJSCore (internal/bootstrap/node.js:596:3) 
- Date : 2019-11-04T12:33:59.829Z  --  level : [31merror[39m -- message : uncaughtException: User is not a constructor
TypeError: User is not a constructor
    at Object.<anonymous> (S:\BISMILLAH myWorld\api_nodejs\database\User.request.js:4:8)
    at Module._compile (internal/modules/cjs/loader.js:689:30)
    at Object.Module._extensions..js (internal/modules/cjs/loader.js:700:10)
    at Module.load (internal/modules/cjs/loader.js:599:32)
    at tryModuleLoad (internal/modules/cjs/loader.js:538:12)
    at Function.Module._load (internal/modules/cjs/loader.js:530:3)
    at Module.require (internal/modules/cjs/loader.js:637:17)
    at require (internal/modules/cjs/helpers.js:20:18)
    at Object.<anonymous> (S:\BISMILLAH myWorld\api_nodejs\app\index.js:25:13)
    at Module._compile (internal/modules/cjs/loader.js:689:30)
    at Object.Module._extensions..js (internal/modules/cjs/loader.js:700:10)
    at Module.load (internal/modules/cjs/loader.js:599:32)
    at tryModuleLoad (internal/modules/cjs/loader.js:538:12)
    at Function.Module._load (internal/modules/cjs/loader.js:530:3)
    at Function.Module.runMain (internal/modules/cjs/loader.js:742:12)
    at startup (internal/bootstrap/node.js:266:19)
    at bootstrapNodeJSCore (internal/bootstrap/node.js:596:3) 
- Date : 2019-11-04T12:35:31.875Z  --  level : [31merror[39m -- message : uncaughtException: sequelize is not defined
ReferenceError: sequelize is not defined
    at Object.<anonymous> (S:\BISMILLAH myWorld\api_nodejs\database\User.request.js:1:76)
    at Module._compile (internal/modules/cjs/loader.js:689:30)
    at Object.Module._extensions..js (internal/modules/cjs/loader.js:700:10)
    at Module.load (internal/modules/cjs/loader.js:599:32)
    at tryModuleLoad (internal/modules/cjs/loader.js:538:12)
    at Function.Module._load (internal/modules/cjs/loader.js:530:3)
    at Module.require (internal/modules/cjs/loader.js:637:17)
    at require (internal/modules/cjs/helpers.js:20:18)
    at Object.<anonymous> (S:\BISMILLAH myWorld\api_nodejs\app\index.js:25:13)
    at Module._compile (internal/modules/cjs/loader.js:689:30) 
- Date : 2019-11-04T12:35:58.312Z  --  level : [31merror[39m -- message : uncaughtException: User.findAll is not a function
TypeError: User.findAll is not a function
    at Object.<anonymous> (S:\BISMILLAH myWorld\api_nodejs\database\User.request.js:5:6)
    at Module._compile (internal/modules/cjs/loader.js:689:30)
    at Object.Module._extensions..js (internal/modules/cjs/loader.js:700:10)
    at Module.load (internal/modules/cjs/loader.js:599:32)
    at tryModuleLoad (internal/modules/cjs/loader.js:538:12)
    at Function.Module._load (internal/modules/cjs/loader.js:530:3)
    at Module.require (internal/modules/cjs/loader.js:637:17)
    at require (internal/modules/cjs/helpers.js:20:18)
    at Object.<anonymous> (S:\BISMILLAH myWorld\api_nodejs\app\index.js:25:13)
    at Module._compile (internal/modules/cjs/loader.js:689:30)
    at Object.Module._extensions..js (internal/modules/cjs/loader.js:700:10)
    at Module.load (internal/modules/cjs/loader.js:599:32)
    at tryModuleLoad (internal/modules/cjs/loader.js:538:12)
    at Function.Module._load (internal/modules/cjs/loader.js:530:3)
    at Function.Module.runMain (internal/modules/cjs/loader.js:742:12)
    at startup (internal/bootstrap/node.js:266:19)
    at bootstrapNodeJSCore (internal/bootstrap/node.js:596:3) 
- Date : 2019-11-04T12:36:22.485Z  --  level : [31merror[39m -- message : uncaughtException: User.findAll is not a function
TypeError: User.findAll is not a function
    at Object.<anonymous> (S:\BISMILLAH myWorld\api_nodejs\database\User.request.js:5:6)
    at Module._compile (internal/modules/cjs/loader.js:689:30)
    at Object.Module._extensions..js (internal/modules/cjs/loader.js:700:10)
    at Module.load (internal/modules/cjs/loader.js:599:32)
    at tryModuleLoad (internal/modules/cjs/loader.js:538:12)
    at Function.Module._load (internal/modules/cjs/loader.js:530:3)
    at Module.require (internal/modules/cjs/loader.js:637:17)
    at require (internal/modules/cjs/helpers.js:20:18)
    at Object.<anonymous> (S:\BISMILLAH myWorld\api_nodejs\app\index.js:25:13)
    at Module._compile (internal/modules/cjs/loader.js:689:30)
    at Object.Module._extensions..js (internal/modules/cjs/loader.js:700:10)
    at Module.load (internal/modules/cjs/loader.js:599:32)
    at tryModuleLoad (internal/modules/cjs/loader.js:538:12)
    at Function.Module._load (internal/modules/cjs/loader.js:530:3)
    at Function.Module.runMain (internal/modules/cjs/loader.js:742:12)
    at startup (internal/bootstrap/node.js:266:19)
    at bootstrapNodeJSCore (internal/bootstrap/node.js:596:3) 
- Date : 2019-11-04T12:36:46.619Z  --  level : [31merror[39m -- message : uncaughtException: Cannot find module '../database/User.request'
Error: Cannot find module '../database/User.request'
    at Function.Module._resolveFilename (internal/modules/cjs/loader.js:581:15)
    at Function.Module._load (internal/modules/cjs/loader.js:507:25)
    at Module.require (internal/modules/cjs/loader.js:637:17)
    at require (internal/modules/cjs/helpers.js:20:18)
    at Object.<anonymous> (S:\BISMILLAH myWorld\api_nodejs\app\index.js:25:13)
    at Module._compile (internal/modules/cjs/loader.js:689:30)
    at Object.Module._extensions..js (internal/modules/cjs/loader.js:700:10)
    at Module.load (internal/modules/cjs/loader.js:599:32)
    at tryModuleLoad (internal/modules/cjs/loader.js:538:12)
    at Function.Module._load (internal/modules/cjs/loader.js:530:3) 
- Date : 2019-11-04T12:42:26.826Z  --  level : [31merror[39m -- message : uncaughtException: Unexpected identifier
S:\BISMILLAH myWorld\api_nodejs\database\db.js:15
      dialect: dbConfig.mariadb.dialect   port: process.env.db_port,
                                          ^^^^

SyntaxError: Unexpected identifier
    at new Script (vm.js:74:7)
    at createScript (vm.js:246:10)
    at Object.runInThisContext (vm.js:298:10)
    at Module._compile (internal/modules/cjs/loader.js:657:28)
    at Object.Module._extensions..js (internal/modules/cjs/loader.js:700:10)
    at Module.load (internal/modules/cjs/loader.js:599:32)
    at tryModuleLoad (internal/modules/cjs/loader.js:538:12)
    at Function.Module._load (internal/modules/cjs/loader.js:530:3)
    at Module.require (internal/modules/cjs/loader.js:637:17)
    at require (internal/modules/cjs/helpers.js:20:18) 
- Date : 2019-11-04T13:03:35.358Z  --  level : [31merror[39m -- message : uncaughtException: Sequelize is not defined
ReferenceError: Sequelize is not defined
    at Object.<anonymous> (S:\BISMILLAH myWorld\api_nodejs\app\models\connexiondb.js:18:13)
    at Module._compile (internal/modules/cjs/loader.js:689:30)
    at Object.Module._extensions..js (internal/modules/cjs/loader.js:700:10)
    at Module.load (internal/modules/cjs/loader.js:599:32)
    at tryModuleLoad (internal/modules/cjs/loader.js:538:12)
    at Function.Module._load (internal/modules/cjs/loader.js:530:3)
    at Module.require (internal/modules/cjs/loader.js:637:17)
    at require (internal/modules/cjs/helpers.js:20:18)
    at Object.<anonymous> (S:\BISMILLAH myWorld\api_nodejs\app\index.js:25:20)
    at Module._compile (internal/modules/cjs/loader.js:689:30)
    at Object.Module._extensions..js (internal/modules/cjs/loader.js:700:10)
    at Module.load (internal/modules/cjs/loader.js:599:32)
    at tryModuleLoad (internal/modules/cjs/loader.js:538:12)
    at Function.Module._load (internal/modules/cjs/loader.js:530:3)
    at Function.Module.runMain (internal/modules/cjs/loader.js:742:12)
    at startup (internal/bootstrap/node.js:266:19)
    at bootstrapNodeJSCore (internal/bootstrap/node.js:596:3) 
- Date : 2019-11-04T13:16:26.093Z  --  level : [31merror[39m -- message : uncaughtException: Cannot find module '../app/models/connexiondb'
Error: Cannot find module '../app/models/connexiondb'
    at Function.Module._resolveFilename (internal/modules/cjs/loader.js:581:15)
    at Function.Module._load (internal/modules/cjs/loader.js:507:25)
    at Module.require (internal/modules/cjs/loader.js:637:17)
    at require (internal/modules/cjs/helpers.js:20:18)
    at Object.<anonymous> (S:\BISMILLAH myWorld\api_nodejs\app\index.js:25:20)
    at Module._compile (internal/modules/cjs/loader.js:689:30)
    at Object.Module._extensions..js (internal/modules/cjs/loader.js:700:10)
    at Module.load (internal/modules/cjs/loader.js:599:32)
    at tryModuleLoad (internal/modules/cjs/loader.js:538:12)
    at Function.Module._load (internal/modules/cjs/loader.js:530:3) 
- Date : 2019-11-04T13:53:47.873Z  --  level : [31merror[39m -- message : uncaughtException: Cannot find module '../database/request/User.request'
Error: Cannot find module '../database/request/User.request'
    at Function.Module._resolveFilename (internal/modules/cjs/loader.js:581:15)
    at Function.Module._load (internal/modules/cjs/loader.js:507:25)
    at Module.require (internal/modules/cjs/loader.js:637:17)
    at require (internal/modules/cjs/helpers.js:20:18)
    at Object.<anonymous> (S:\BISMILLAH myWorld\api_nodejs\app\index.js:25:20)
    at Module._compile (internal/modules/cjs/loader.js:689:30)
    at Object.Module._extensions..js (internal/modules/cjs/loader.js:700:10)
    at Module.load (internal/modules/cjs/loader.js:599:32)
    at tryModuleLoad (internal/modules/cjs/loader.js:538:12)
    at Function.Module._load (internal/modules/cjs/loader.js:530:3) 
- Date : 2019-11-04T14:03:40.053Z  --  level : [31merror[39m -- message : uncaughtException: Unexpected token {
S:\BISMILLAH myWorld\api_nodejs\database\query\User.request.js:52
module.exports{
              ^

SyntaxError: Unexpected token {
    at new Script (vm.js:74:7)
    at createScript (vm.js:246:10)
    at Object.runInThisContext (vm.js:298:10)
    at Module._compile (internal/modules/cjs/loader.js:657:28)
    at Object.Module._extensions..js (internal/modules/cjs/loader.js:700:10)
    at Module.load (internal/modules/cjs/loader.js:599:32)
    at tryModuleLoad (internal/modules/cjs/loader.js:538:12)
    at Function.Module._load (internal/modules/cjs/loader.js:530:3)
    at Module.require (internal/modules/cjs/loader.js:637:17)
    at require (internal/modules/cjs/helpers.js:20:18) 
- Date : 2019-11-04T14:05:21.720Z  --  level : [31merror[39m -- message : uncaughtException: Unexpected token delete
S:\BISMILLAH myWorld\api_nodejs\database\query\User.request.js:35
const delete = (id)=>{
      ^^^^^^

SyntaxError: Unexpected token delete
    at new Script (vm.js:74:7)
    at createScript (vm.js:246:10)
    at Object.runInThisContext (vm.js:298:10)
    at Module._compile (internal/modules/cjs/loader.js:657:28)
    at Object.Module._extensions..js (internal/modules/cjs/loader.js:700:10)
    at Module.load (internal/modules/cjs/loader.js:599:32)
    at tryModuleLoad (internal/modules/cjs/loader.js:538:12)
    at Function.Module._load (internal/modules/cjs/loader.js:530:3)
    at Module.require (internal/modules/cjs/loader.js:637:17)
    at require (internal/modules/cjs/helpers.js:20:18) 
- Date : 2019-11-04T14:05:31.872Z  --  level : [31merror[39m -- message : uncaughtException: Unexpected token delete
S:\BISMILLAH myWorld\api_nodejs\database\query\User.request.js:35
const delete = (id)=>{
      ^^^^^^

SyntaxError: Unexpected token delete
    at new Script (vm.js:74:7)
    at createScript (vm.js:246:10)
    at Object.runInThisContext (vm.js:298:10)
    at Module._compile (internal/modules/cjs/loader.js:657:28)
    at Object.Module._extensions..js (internal/modules/cjs/loader.js:700:10)
    at Module.load (internal/modules/cjs/loader.js:599:32)
    at tryModuleLoad (internal/modules/cjs/loader.js:538:12)
    at Function.Module._load (internal/modules/cjs/loader.js:530:3)
    at Module.require (internal/modules/cjs/loader.js:637:17)
    at require (internal/modules/cjs/helpers.js:20:18) 
- Date : 2019-11-04T14:05:54.036Z  --  level : [31merror[39m -- message : uncaughtException: Unexpected token delete
S:\BISMILLAH myWorld\api_nodejs\database\query\User.request.js:35
const delete = (id)=>{
      ^^^^^^

SyntaxError: Unexpected token delete
    at new Script (vm.js:74:7)
    at createScript (vm.js:246:10)
    at Object.runInThisContext (vm.js:298:10)
    at Module._compile (internal/modules/cjs/loader.js:657:28)
    at Object.Module._extensions..js (internal/modules/cjs/loader.js:700:10)
    at Module.load (internal/modules/cjs/loader.js:599:32)
    at tryModuleLoad (internal/modules/cjs/loader.js:538:12)
    at Function.Module._load (internal/modules/cjs/loader.js:530:3)
    at Module.require (internal/modules/cjs/loader.js:637:17)
    at require (internal/modules/cjs/helpers.js:20:18) 
- Date : 2019-11-04T15:09:31.023Z  --  level : [31merror[39m -- message : uncaughtException: passwordHashed is not defined
ReferenceError: passwordHashed is not defined
    at Object.<anonymous> (S:\BISMILLAH myWorld\api_nodejs\app\models\User.js:33:15)
    at Module._compile (internal/modules/cjs/loader.js:689:30)
    at Object.Module._extensions..js (internal/modules/cjs/loader.js:700:10)
    at Module.load (internal/modules/cjs/loader.js:599:32)
    at tryModuleLoad (internal/modules/cjs/loader.js:538:12)
    at Function.Module._load (internal/modules/cjs/loader.js:530:3)
    at Module.require (internal/modules/cjs/loader.js:637:17)
    at require (internal/modules/cjs/helpers.js:20:18)
    at Object.<anonymous> (S:\BISMILLAH myWorld\api_nodejs\database\query\User.request.js:2:18)
    at Module._compile (internal/modules/cjs/loader.js:689:30)
    at Object.Module._extensions..js (internal/modules/cjs/loader.js:700:10)
    at Module.load (internal/modules/cjs/loader.js:599:32)
    at tryModuleLoad (internal/modules/cjs/loader.js:538:12)
    at Function.Module._load (internal/modules/cjs/loader.js:530:3)
    at Module.require (internal/modules/cjs/loader.js:637:17)
    at require (internal/modules/cjs/helpers.js:20:18)
    at Object.<anonymous> (S:\BISMILLAH myWorld\api_nodejs\app\controllers\user.controller.js:10:23)
    at Module._compile (internal/modules/cjs/loader.js:689:30)
    at Object.Module._extensions..js (internal/modules/cjs/loader.js:700:10)
    at Module.load (internal/modules/cjs/loader.js:599:32)
    at tryModuleLoad (internal/modules/cjs/loader.js:538:12)
    at Function.Module._load (internal/modules/cjs/loader.js:530:3) 
